<?xml version="1.0" encoding="UTF-8"?>
<!-- Generated by org.testng.reporters.JUnitXMLReporter -->
<testsuite ignored="6" hostname="DESKTOP-703RS57" failures="0" tests="3" name="Test" time="187.827" errors="0" timestamp="2022-07-30T18:36:00 IST">
  <testcase classname="com.vTigerScenarios.TC_3_Org_Name_Create_Deletetest" name="deleteOrgNameTest" time="48.488"/>
  <testcase classname="com.vTigerScenarios.TC_4_Contact_Create_Verifytest" name="contactCreateTest" time="12.181"/>
  <testcase classname="com.vTigerScenarios.TC_5_Campagin_Name_Create_Deletetest" name="campaginCreateTest" time="46.785"/>
  <testcase classname="com.VTIGER.generic.BaseClassUtiity" name="@AfterSuite closeConnectDataBase" time="0.0">
    <ignored/>
  </testcase> <!-- @AfterSuite closeConnectDataBase -->
  <testcase classname="com.VTIGER.generic.BaseClassUtiity" name="@AfterSuite closeConnectDataBase" time="0.0">
    <ignored/>
  </testcase> <!-- @AfterSuite closeConnectDataBase -->
  <testcase classname="com.VTIGER.generic.BaseClassUtiity" name="@AfterSuite closeConnectDataBase" time="0.0">
    <ignored/>
  </testcase> <!-- @AfterSuite closeConnectDataBase -->
  <testcase classname="com.VTIGER.generic.BaseClassUtiity" name="@AfterSuite closeConnectDataBase" time="0.0">
    <ignored/>
  </testcase> <!-- @AfterSuite closeConnectDataBase -->
  <testcase classname="com.vTigerScenarios.TC_2_OrgName_Create_Verifytest" name="orgNameVerifyTest" time="0.0">
    <ignored/>
  </testcase> <!-- orgNameVerifyTest -->
  <testcase classname="com.vTigerScenarios.TC_1_Org_Nametest" name="orgNameCreateTest" time="0.0">
    <ignored/>
  </testcase> <!-- orgNameCreateTest -->
</testsuite> <!-- Test -->
