<?xml version="1.0" encoding="UTF-8"?>
<!-- Generated by org.testng.reporters.JUnitXMLReporter -->
<testsuite ignored="4" hostname="DESKTOP-703RS57" failures="0" tests="4" name="Test2" time="0.023" errors="0" timestamp="2022-07-19T12:14:49 IST">
  <testcase classname="TestngPractice.Annotation1" name="test1" time="0.002"/>
  <testcase classname="TestngPractice.Annotation1" name="test2" time="0.001"/>
  <testcase classname="TestngPractice.Annotation2" name="test3" time="0.001"/>
  <testcase classname="TestngPractice.Annotation2" name="test4" time="0.001"/>
  <testcase classname="TestngPractice.Annotation" name="@BeforeSuite beforesuit" time="0.0">
    <ignored/>
  </testcase> <!-- @BeforeSuite beforesuit -->
  <testcase classname="TestngPractice.Annotation" name="@BeforeTest beforetest" time="0.0">
    <ignored/>
  </testcase> <!-- @BeforeTest beforetest -->
  <testcase classname="TestngPractice.Annotation" name="@AfterSuite aftersuit" time="0.0">
    <ignored/>
  </testcase> <!-- @AfterSuite aftersuit -->
  <testcase classname="TestngPractice.Annotation" name="@AfterTest aftertest" time="0.0">
    <ignored/>
  </testcase> <!-- @AfterTest aftertest -->
</testsuite> <!-- Test2 -->
