<?xml version="1.0" encoding="UTF-8"?>
<!-- Generated by org.testng.reporters.JUnitXMLReporter -->
<testsuite ignored="8" hostname="DESKTOP-703RS57" failures="1" tests="5" name="Test" time="176.639" errors="0" timestamp="2022-07-25T09:34:33 IST">
  <testcase classname="vTigerScenarios.OrgName_Create_Verifytest" name="orgNameVerify" time="11.39">
    <failure type="java.lang.AssertionError" message="expected [Quitzon-Simonis] but found [[ ACC97 ] Quitzon-Simonis - Organization Information]">
      <![CDATA[java.lang.AssertionError: expected [Quitzon-Simonis] but found [[ ACC97 ] Quitzon-Simonis - Organization Information]
at vTigerScenarios.OrgName_Create_Verifytest.orgNameVerify(OrgName_Create_Verifytest.java:42)
at java.base/java.util.ArrayList.forEach(ArrayList.java:1541)
... Removed 33 stack frames]]>
    </failure>
  </testcase> <!-- orgNameVerify -->
  <testcase classname="vTigerScenarios.Contact_Create_Verifytest" name="contactCreate" time="8.854"/>
  <testcase classname="vTigerScenarios.Org_Name_Create_Deletetest" name="deleteOrgName" time="28.894"/>
  <testcase classname="vTigerScenarios.Campagin_Name_Create_Deletetest" name="campaginCreate" time="35.82"/>
  <testcase classname="vTigerScenarios.Org_Nametest" name="orgNameCreate" time="3.434"/>
  <testcase classname="com.VTIGER.generic.BaseClassUtiity" name="@AfterSuite closeConnectDataBase" time="0.0">
    <ignored/>
  </testcase> <!-- @AfterSuite closeConnectDataBase -->
  <testcase classname="com.VTIGER.generic.BaseClassUtiity" name="@AfterSuite closeConnectDataBase" time="0.0">
    <ignored/>
  </testcase> <!-- @AfterSuite closeConnectDataBase -->
  <testcase classname="com.VTIGER.generic.BaseClassUtiity" name="@AfterSuite closeConnectDataBase" time="0.0">
    <ignored/>
  </testcase> <!-- @AfterSuite closeConnectDataBase -->
  <testcase classname="com.VTIGER.generic.BaseClassUtiity" name="@AfterSuite closeConnectDataBase" time="0.0">
    <ignored/>
  </testcase> <!-- @AfterSuite closeConnectDataBase -->
  <testcase classname="com.VTIGER.generic.BaseClassUtiity" name="@BeforeSuite connectDataBase" time="0.0">
    <ignored/>
  </testcase> <!-- @BeforeSuite connectDataBase -->
  <testcase classname="com.VTIGER.generic.BaseClassUtiity" name="@BeforeSuite connectDataBase" time="0.0">
    <ignored/>
  </testcase> <!-- @BeforeSuite connectDataBase -->
  <testcase classname="com.VTIGER.generic.BaseClassUtiity" name="@BeforeSuite connectDataBase" time="0.0">
    <ignored/>
  </testcase> <!-- @BeforeSuite connectDataBase -->
  <testcase classname="com.VTIGER.generic.BaseClassUtiity" name="@BeforeSuite connectDataBase" time="0.0">
    <ignored/>
  </testcase> <!-- @BeforeSuite connectDataBase -->
</testsuite> <!-- Test -->
