<?xml version="1.0" encoding="UTF-8"?>
<testng-results ignored="0" total="1" passed="1" failed="0" skipped="0">
  <reporter-output>
  </reporter-output>
  <suite started-at="2022-07-25T09:36:38 IST" name="Default suite" finished-at="2022-07-25T09:37:09 IST" duration-ms="31124">
    <groups>
    </groups>
    <test started-at="2022-07-25T09:36:38 IST" name="Default test" finished-at="2022-07-25T09:37:09 IST" duration-ms="31124">
      <class name="vTigerScenarios.OrgName_Create_Verifytest">
        <test-method is-config="true" signature="connectDataBase()[pri:0, instance:vTigerScenarios.OrgName_Create_Verifytest@29215f06]" started-at="2022-07-25T09:36:38 IST" name="connectDataBase" finished-at="2022-07-25T09:36:38 IST" duration-ms="7" status="PASS">
          <reporter-output>
          </reporter-output>
        </test-method> <!-- connectDataBase -->
        <test-method is-config="true" signature="lanuchBrowser()[pri:0, instance:vTigerScenarios.OrgName_Create_Verifytest@29215f06]" started-at="2022-07-25T09:36:38 IST" name="lanuchBrowser" finished-at="2022-07-25T09:36:42 IST" duration-ms="4877" status="PASS">
          <reporter-output>
          </reporter-output>
        </test-method> <!-- lanuchBrowser -->
        <test-method is-config="true" signature="loginPage()[pri:0, instance:vTigerScenarios.OrgName_Create_Verifytest@29215f06]" started-at="2022-07-25T09:36:43 IST" name="loginPage" finished-at="2022-07-25T09:36:45 IST" duration-ms="2583" status="PASS">
          <reporter-output>
          </reporter-output>
        </test-method> <!-- loginPage -->
        <test-method signature="orgNameVerify()[pri:0, instance:vTigerScenarios.OrgName_Create_Verifytest@29215f06]" started-at="2022-07-25T09:36:45 IST" name="orgNameVerify" finished-at="2022-07-25T09:36:56 IST" duration-ms="11170" status="PASS">
          <reporter-output>
          </reporter-output>
        </test-method> <!-- orgNameVerify -->
        <test-method is-config="true" signature="logoutPage()[pri:0, instance:vTigerScenarios.OrgName_Create_Verifytest@29215f06]" started-at="2022-07-25T09:36:56 IST" name="logoutPage" finished-at="2022-07-25T09:37:09 IST" duration-ms="12303" status="PASS">
          <reporter-output>
          </reporter-output>
        </test-method> <!-- logoutPage -->
        <test-method is-config="true" signature="closeBrowser()[pri:0, instance:vTigerScenarios.OrgName_Create_Verifytest@29215f06]" started-at="2022-07-25T09:37:09 IST" name="closeBrowser" finished-at="2022-07-25T09:37:09 IST" duration-ms="142" status="PASS">
          <reporter-output>
          </reporter-output>
        </test-method> <!-- closeBrowser -->
        <test-method is-config="true" signature="closeConnectDataBase()[pri:0, instance:vTigerScenarios.OrgName_Create_Verifytest@29215f06]" started-at="2022-07-25T09:37:09 IST" name="closeConnectDataBase" finished-at="2022-07-25T09:37:09 IST" duration-ms="0" status="PASS">
          <reporter-output>
          </reporter-output>
        </test-method> <!-- closeConnectDataBase -->
      </class> <!-- vTigerScenarios.OrgName_Create_Verifytest -->
    </test> <!-- Default test -->
  </suite> <!-- Default suite -->
</testng-results>
