<?xml version="1.0" encoding="UTF-8"?>
<testng-results ignored="6" total="9" passed="3" failed="0" skipped="0">
  <reporter-output>
  </reporter-output>
  <suite started-at="2022-07-30T18:32:52 IST" name="Suite" finished-at="2022-07-30T18:35:59 IST" duration-ms="187827">
    <groups>
      <group name="regression">
        <method signature="TC_3_Org_Name_Create_Deletetest.deleteOrgNameTest()[pri:0, instance:com.vTigerScenarios.TC_3_Org_Name_Create_Deletetest@2e6a8155]" name="deleteOrgNameTest" class="com.vTigerScenarios.TC_3_Org_Name_Create_Deletetest"/>
        <method signature="TC_4_Contact_Create_Verifytest.contactCreateTest()[pri:0, instance:com.vTigerScenarios.TC_4_Contact_Create_Verifytest@6221a451]" name="contactCreateTest" class="com.vTigerScenarios.TC_4_Contact_Create_Verifytest"/>
        <method signature="TC_5_Campagin_Name_Create_Deletetest.campaginCreateTest()[pri:0, instance:com.vTigerScenarios.TC_5_Campagin_Name_Create_Deletetest@52719fb6]" name="campaginCreateTest" class="com.vTigerScenarios.TC_5_Campagin_Name_Create_Deletetest"/>
      </group> <!-- regression -->
      <group name="smoke">
        <method signature="TC_5_Campagin_Name_Create_Deletetest.campaginCreateTest()[pri:0, instance:com.vTigerScenarios.TC_5_Campagin_Name_Create_Deletetest@52719fb6]" name="campaginCreateTest" class="com.vTigerScenarios.TC_5_Campagin_Name_Create_Deletetest"/>
      </group> <!-- smoke -->
    </groups>
    <test started-at="2022-07-30T18:32:52 IST" name="Test" finished-at="2022-07-30T18:35:59 IST" duration-ms="187827">
      <class name="com.vTigerScenarios.TC_3_Org_Name_Create_Deletetest">
        <test-method is-config="true" signature="lanuchBrowser()[pri:0, instance:com.vTigerScenarios.TC_3_Org_Name_Create_Deletetest@2e6a8155]" started-at="2022-07-30T18:32:52 IST" name="lanuchBrowser" finished-at="2022-07-30T18:33:07 IST" duration-ms="14845" status="PASS">
          <reporter-output>
          </reporter-output>
        </test-method> <!-- lanuchBrowser -->
        <test-method is-config="true" signature="loginPage()[pri:0, instance:com.vTigerScenarios.TC_3_Org_Name_Create_Deletetest@2e6a8155]" started-at="2022-07-30T18:33:07 IST" name="loginPage" finished-at="2022-07-30T18:33:15 IST" duration-ms="7838" status="PASS">
          <reporter-output>
          </reporter-output>
        </test-method> <!-- loginPage -->
        <test-method signature="deleteOrgNameTest()[pri:0, instance:com.vTigerScenarios.TC_3_Org_Name_Create_Deletetest@2e6a8155]" started-at="2022-07-30T18:33:15 IST" name="deleteOrgNameTest" finished-at="2022-07-30T18:34:03 IST" duration-ms="48488" status="PASS">
          <reporter-output>
          </reporter-output>
        </test-method> <!-- deleteOrgNameTest -->
        <test-method is-config="true" signature="logoutPage()[pri:0, instance:com.vTigerScenarios.TC_3_Org_Name_Create_Deletetest@2e6a8155]" started-at="2022-07-30T18:34:03 IST" name="logoutPage" finished-at="2022-07-30T18:34:18 IST" duration-ms="14634" status="PASS">
          <reporter-output>
          </reporter-output>
        </test-method> <!-- logoutPage -->
        <test-method is-config="true" signature="closeBrowser()[pri:0, instance:com.vTigerScenarios.TC_3_Org_Name_Create_Deletetest@2e6a8155]" started-at="2022-07-30T18:34:18 IST" name="closeBrowser" finished-at="2022-07-30T18:34:18 IST" duration-ms="255" status="PASS">
          <reporter-output>
          </reporter-output>
        </test-method> <!-- closeBrowser -->
      </class> <!-- com.vTigerScenarios.TC_3_Org_Name_Create_Deletetest -->
      <class name="com.vTigerScenarios.TC_1_Org_Nametest">
        <test-method is-config="true" signature="closeConnectDataBase()[pri:0, instance:com.vTigerScenarios.TC_1_Org_Nametest@5e600dd5]" started-at="2022-07-30T18:36:00 IST" name="closeConnectDataBase" finished-at="2022-07-30T18:36:00 IST" duration-ms="1" status="PASS">
          <reporter-output>
          </reporter-output>
        </test-method> <!-- closeConnectDataBase -->
      </class> <!-- com.vTigerScenarios.TC_1_Org_Nametest -->
      <class name="com.vTigerScenarios.TC_4_Contact_Create_Verifytest">
        <test-method is-config="true" signature="lanuchBrowser()[pri:0, instance:com.vTigerScenarios.TC_4_Contact_Create_Verifytest@6221a451]" started-at="2022-07-30T18:34:18 IST" name="lanuchBrowser" finished-at="2022-07-30T18:34:23 IST" duration-ms="4750" status="PASS">
          <reporter-output>
          </reporter-output>
        </test-method> <!-- lanuchBrowser -->
        <test-method is-config="true" signature="loginPage()[pri:0, instance:com.vTigerScenarios.TC_4_Contact_Create_Verifytest@6221a451]" started-at="2022-07-30T18:34:23 IST" name="loginPage" finished-at="2022-07-30T18:34:26 IST" duration-ms="2969" status="PASS">
          <reporter-output>
          </reporter-output>
        </test-method> <!-- loginPage -->
        <test-method signature="contactCreateTest()[pri:0, instance:com.vTigerScenarios.TC_4_Contact_Create_Verifytest@6221a451]" started-at="2022-07-30T18:34:26 IST" name="contactCreateTest" finished-at="2022-07-30T18:34:38 IST" duration-ms="12181" status="PASS">
          <reporter-output>
          </reporter-output>
        </test-method> <!-- contactCreateTest -->
        <test-method is-config="true" signature="logoutPage()[pri:0, instance:com.vTigerScenarios.TC_4_Contact_Create_Verifytest@6221a451]" started-at="2022-07-30T18:34:38 IST" name="logoutPage" finished-at="2022-07-30T18:34:51 IST" duration-ms="12823" status="PASS">
          <reporter-output>
          </reporter-output>
        </test-method> <!-- logoutPage -->
        <test-method is-config="true" signature="closeBrowser()[pri:0, instance:com.vTigerScenarios.TC_4_Contact_Create_Verifytest@6221a451]" started-at="2022-07-30T18:34:51 IST" name="closeBrowser" finished-at="2022-07-30T18:34:51 IST" duration-ms="257" status="PASS">
          <reporter-output>
          </reporter-output>
        </test-method> <!-- closeBrowser -->
      </class> <!-- com.vTigerScenarios.TC_4_Contact_Create_Verifytest -->
      <class name="com.vTigerScenarios.TC_5_Campagin_Name_Create_Deletetest">
        <test-method is-config="true" signature="lanuchBrowser()[pri:0, instance:com.vTigerScenarios.TC_5_Campagin_Name_Create_Deletetest@52719fb6]" started-at="2022-07-30T18:34:51 IST" name="lanuchBrowser" finished-at="2022-07-30T18:34:56 IST" duration-ms="4743" status="PASS">
          <reporter-output>
          </reporter-output>
        </test-method> <!-- lanuchBrowser -->
        <test-method is-config="true" signature="loginPage()[pri:0, instance:com.vTigerScenarios.TC_5_Campagin_Name_Create_Deletetest@52719fb6]" started-at="2022-07-30T18:34:56 IST" name="loginPage" finished-at="2022-07-30T18:34:59 IST" duration-ms="3030" status="PASS">
          <reporter-output>
          </reporter-output>
        </test-method> <!-- loginPage -->
        <test-method signature="campaginCreateTest()[pri:0, instance:com.vTigerScenarios.TC_5_Campagin_Name_Create_Deletetest@52719fb6]" started-at="2022-07-30T18:34:59 IST" name="campaginCreateTest" finished-at="2022-07-30T18:35:46 IST" duration-ms="46785" status="PASS">
          <reporter-output>
          </reporter-output>
        </test-method> <!-- campaginCreateTest -->
        <test-method is-config="true" signature="logoutPage()[pri:0, instance:com.vTigerScenarios.TC_5_Campagin_Name_Create_Deletetest@52719fb6]" started-at="2022-07-30T18:35:46 IST" name="logoutPage" finished-at="2022-07-30T18:35:59 IST" duration-ms="13414" status="PASS">
          <reporter-output>
          </reporter-output>
        </test-method> <!-- logoutPage -->
        <test-method is-config="true" signature="closeBrowser()[pri:0, instance:com.vTigerScenarios.TC_5_Campagin_Name_Create_Deletetest@52719fb6]" started-at="2022-07-30T18:35:59 IST" name="closeBrowser" finished-at="2022-07-30T18:35:59 IST" duration-ms="251" status="PASS">
          <reporter-output>
          </reporter-output>
        </test-method> <!-- closeBrowser -->
      </class> <!-- com.vTigerScenarios.TC_5_Campagin_Name_Create_Deletetest -->
    </test> <!-- Test -->
  </suite> <!-- Suite -->
</testng-results>
